2022-09-23 17:13:26 - INFO - СТЕНД_ДИАГНОСТИКИ - Получении ip хоста...
2022-09-23 17:13:26 - INFO - СТЕНД_ДИАГНОСТИКИ - Ip хоста успешно получен...
2022-09-23 17:13:26 - INFO - СТЕНД_ДИАГНОСТИКИ - Проверка подключения к БД...
2022-09-23 17:13:26 - INFO - СТЕНД_ДИАГНОСТИКИ - Подключение к БД успешно!
2022-09-23 17:13:26 - INFO - СТЕНД_ДИАГНОСТИКИ - Включение tcp-to-serial мостов...
2022-09-23 17:13:29 - INFO - СТЕНД_ДИАГНОСТИКИ - Cервис tcp-to-serial-bridge-router1 запущен
2022-09-23 17:13:29 - INFO - СТЕНД_ДИАГНОСТИКИ - Сервис tftp включен
2022-09-23 17:13:29 - INFO - СТЕНД_ДИАГНОСТИКИ - Сервис vsftp включен
2022-09-23 17:17:34 - INFO - СТЕНД_ДИАГНОСТИКИ - Получении ip хоста...
2022-09-23 17:17:34 - INFO - СТЕНД_ДИАГНОСТИКИ - Ip хоста успешно получен...
2022-09-23 17:17:34 - INFO - СТЕНД_ДИАГНОСТИКИ - Проверка подключения к БД...
2022-09-23 17:17:34 - INFO - СТЕНД_ДИАГНОСТИКИ - Подключение к БД успешно!
2022-09-23 17:17:34 - INFO - СТЕНД_ДИАГНОСТИКИ - Включение tcp-to-serial мостов...
2022-09-23 17:17:36 - INFO - СТЕНД_ДИАГНОСТИКИ - Cервис tcp-to-serial-bridge-router1 запущен
2022-09-23 17:17:36 - INFO - СТЕНД_ДИАГНОСТИКИ - Сервис tftp включен
2022-09-23 17:17:36 - INFO - СТЕНД_ДИАГНОСТИКИ - Сервис vsftp включен
2022-09-23 17:17:48 - INFO - СТЕНД_ДИАГНОСТИКИ - Получении ip хоста...
2022-09-23 17:17:48 - INFO - СТЕНД_ДИАГНОСТИКИ - Ip хоста успешно получен...
2022-09-23 17:17:48 - INFO - СТЕНД_ДИАГНОСТИКИ - Проверка подключения к БД...
2022-09-23 17:17:48 - INFO - СТЕНД_ДИАГНОСТИКИ - Подключение к БД успешно!
2022-09-23 17:17:48 - INFO - СТЕНД_ДИАГНОСТИКИ - Включение tcp-to-serial мостов...
2022-09-23 17:17:50 - INFO - СТЕНД_ДИАГНОСТИКИ - Cервис tcp-to-serial-bridge-router1 запущен
2022-09-23 17:17:50 - INFO - СТЕНД_ДИАГНОСТИКИ - Сервис tftp включен
2022-09-23 17:17:50 - INFO - СТЕНД_ДИАГНОСТИКИ - Сервис vsftp включен
2022-09-23 17:18:09 - INFO - СТЕНД_ДИАГНОСТИКИ - Получении ip хоста...
2022-09-23 17:18:09 - INFO - СТЕНД_ДИАГНОСТИКИ - Ip хоста успешно получен...
2022-09-23 17:18:09 - INFO - СТЕНД_ДИАГНОСТИКИ - Проверка подключения к БД...
2022-09-23 17:18:09 - INFO - СТЕНД_ДИАГНОСТИКИ - Подключение к БД успешно!
2022-09-23 17:18:09 - INFO - СТЕНД_ДИАГНОСТИКИ - Включение tcp-to-serial мостов...
2022-09-23 17:18:11 - INFO - СТЕНД_ДИАГНОСТИКИ - Cервис tcp-to-serial-bridge-router1 запущен
2022-09-23 17:18:11 - INFO - СТЕНД_ДИАГНОСТИКИ - Cервис tcp-to-serial-bridge-router2 запущен
2022-09-23 17:18:11 - INFO - СТЕНД_ДИАГНОСТИКИ - Сервис tftp включен
2022-09-23 17:18:11 - INFO - СТЕНД_ДИАГНОСТИКИ - Сервис vsftp включен
2022-09-23 17:19:53 - INFO - СТЕНД_ДИАГНОСТИКИ - Получении ip хоста...
2022-09-23 17:19:53 - INFO - СТЕНД_ДИАГНОСТИКИ - Ip хоста успешно получен...
2022-09-23 17:20:03 - INFO - СТЕНД_ДИАГНОСТИКИ - Проверка подключения к БД...
2022-09-23 17:20:03 - INFO - СТЕНД_ДИАГНОСТИКИ - Подключение к БД успешно!
2022-09-23 17:20:13 - INFO - СТЕНД_ДИАГНОСТИКИ - Включение tcp-to-serial мостов...
2022-09-23 17:20:16 - INFO - СТЕНД_ДИАГНОСТИКИ - Cервис tcp-to-serial-bridge-router1 запущен
2022-09-23 17:20:16 - INFO - СТЕНД_ДИАГНОСТИКИ - Cервис tcp-to-serial-bridge-router2 запущен
2022-09-23 17:20:16 - INFO - СТЕНД_ДИАГНОСТИКИ - Сервис tftp включен
2022-09-23 17:20:16 - INFO - СТЕНД_ДИАГНОСТИКИ - Сервис vsftp включен
2022-09-23 17:24:01 - INFO - СТЕНД_ДИАГНОСТИКИ - Получении ip хоста...
2022-09-23 17:24:01 - INFO - СТЕНД_ДИАГНОСТИКИ - Ip хоста успешно получен...
2022-09-23 17:24:11 - INFO - СТЕНД_ДИАГНОСТИКИ - Проверка подключения к БД...
2022-09-23 17:24:11 - INFO - СТЕНД_ДИАГНОСТИКИ - Подключение к БД успешно!
2022-09-23 17:24:21 - INFO - СТЕНД_ДИАГНОСТИКИ - Включение tcp-to-serial мостов...
2022-09-23 17:24:23 - INFO - СТЕНД_ДИАГНОСТИКИ - Cервис tcp-to-serial-bridge-router1 запущен
2022-09-23 17:24:23 - INFO - СТЕНД_ДИАГНОСТИКИ - Сервис tftp включен
2022-09-23 17:24:23 - INFO - СТЕНД_ДИАГНОСТИКИ - Сервис vsftp включен
2022-09-23 17:24:38 - INFO - СТЕНД_ДИАГНОСТИКИ - Получении ip хоста...
2022-09-23 17:24:38 - INFO - СТЕНД_ДИАГНОСТИКИ - Ip хоста успешно получен...
2022-09-23 17:24:48 - INFO - СТЕНД_ДИАГНОСТИКИ - Проверка подключения к БД...
2022-09-23 17:24:48 - INFO - СТЕНД_ДИАГНОСТИКИ - Подключение к БД успешно!
2022-09-23 17:24:58 - INFO - СТЕНД_ДИАГНОСТИКИ - Включение tcp-to-serial мостов...
2022-09-23 17:25:00 - INFO - СТЕНД_ДИАГНОСТИКИ - Cервис tcp-to-serial-bridge-router1 запущен
2022-09-23 17:25:00 - INFO - СТЕНД_ДИАГНОСТИКИ - Сервис tftp включен
2022-09-23 17:25:00 - INFO - СТЕНД_ДИАГНОСТИКИ - Сервис vsftp включен
2022-09-23 17:25:52 - INFO - СТЕНД_ДИАГНОСТИКИ - Получении ip хоста...
2022-09-23 17:25:52 - INFO - СТЕНД_ДИАГНОСТИКИ - Ip хоста успешно получен...
2022-09-23 17:26:02 - INFO - СТЕНД_ДИАГНОСТИКИ - Проверка подключения к БД...
2022-09-23 17:26:02 - INFO - СТЕНД_ДИАГНОСТИКИ - Подключение к БД успешно!
2022-09-23 17:26:12 - INFO - СТЕНД_ДИАГНОСТИКИ - Включение tcp-to-serial мостов...
2022-09-23 17:26:14 - INFO - СТЕНД_ДИАГНОСТИКИ - Cервис tcp-to-serial-bridge-router2 запущен
2022-09-23 17:26:14 - INFO - СТЕНД_ДИАГНОСТИКИ - Cервис tcp-to-serial-bridge-router1 запущен
2022-09-23 17:26:14 - INFO - СТЕНД_ДИАГНОСТИКИ - Сервис tftp включен
2022-09-23 17:26:14 - INFO - СТЕНД_ДИАГНОСТИКИ - Сервис vsftp включен
2022-09-23 17:26:23 - INFO - СТЕНД_ДИАГНОСТИКИ - Получении ip хоста...
2022-09-23 17:26:23 - INFO - СТЕНД_ДИАГНОСТИКИ - Ip хоста успешно получен...
2022-09-23 17:26:33 - INFO - СТЕНД_ДИАГНОСТИКИ - Проверка подключения к БД...
2022-09-23 17:26:33 - INFO - СТЕНД_ДИАГНОСТИКИ - Подключение к БД успешно!
2022-09-23 17:26:43 - INFO - СТЕНД_ДИАГНОСТИКИ - Включение tcp-to-serial мостов...
2022-09-23 17:26:45 - INFO - СТЕНД_ДИАГНОСТИКИ - Cервис tcp-to-serial-bridge-router1 запущен
2022-09-23 17:26:45 - INFO - СТЕНД_ДИАГНОСТИКИ - Сервис tftp включен
2022-09-23 17:26:45 - INFO - СТЕНД_ДИАГНОСТИКИ - Сервис vsftp включен
2022-09-23 17:28:42 - INFO - СТЕНД_ДИАГНОСТИКИ - Получении ip хоста...
2022-09-23 17:28:42 - INFO - СТЕНД_ДИАГНОСТИКИ - Ip хоста успешно получен...
2022-09-23 17:28:52 - INFO - СТЕНД_ДИАГНОСТИКИ - Проверка подключения к БД...
2022-09-23 17:28:52 - INFO - СТЕНД_ДИАГНОСТИКИ - Подключение к БД успешно!
2022-09-23 17:29:02 - INFO - СТЕНД_ДИАГНОСТИКИ - Включение tcp-to-serial мостов...
2022-09-23 17:29:04 - INFO - СТЕНД_ДИАГНОСТИКИ - Cервис tcp-to-serial-bridge-router1 запущен
2022-09-23 17:29:04 - INFO - СТЕНД_ДИАГНОСТИКИ - Сервис tftp включен
2022-09-23 17:29:04 - INFO - СТЕНД_ДИАГНОСТИКИ - Сервис vsftp включен
2022-09-23 17:29:17 - INFO - СТЕНД_ДИАГНОСТИКИ - Получении ip хоста...
2022-09-23 17:29:17 - INFO - СТЕНД_ДИАГНОСТИКИ - Ip хоста успешно получен...
2022-09-23 17:29:27 - INFO - СТЕНД_ДИАГНОСТИКИ - Проверка подключения к БД...
2022-09-23 17:29:27 - INFO - СТЕНД_ДИАГНОСТИКИ - Подключение к БД успешно!
2022-09-23 17:29:37 - INFO - СТЕНД_ДИАГНОСТИКИ - Включение tcp-to-serial мостов...
2022-09-23 17:29:39 - INFO - СТЕНД_ДИАГНОСТИКИ - Cервис tcp-to-serial-bridge-router1 запущен
2022-09-23 17:29:39 - INFO - СТЕНД_ДИАГНОСТИКИ - Сервис tftp включен
2022-09-23 17:29:39 - INFO - СТЕНД_ДИАГНОСТИКИ - Сервис vsftp включен
2022-09-26 09:45:16 - INFO - СТЕНД_ДИАГНОСТИКИ - Получении ip хоста...
2022-09-26 09:45:17 - INFO - СТЕНД_ДИАГНОСТИКИ - Ip хоста успешно получен...
2022-09-26 09:46:27 - INFO - СТЕНД_ДИАГНОСТИКИ - Получении ip хоста...
2022-09-26 09:46:27 - INFO - СТЕНД_ДИАГНОСТИКИ - Ip хоста успешно получен...
2022-09-26 09:46:27 - INFO - СТЕНД_ДИАГНОСТИКИ - Проверка подключения к БД...
2022-09-26 09:46:27 - INFO - СТЕНД_ДИАГНОСТИКИ - Подключение к БД успешно!
2022-09-26 09:46:27 - INFO - СТЕНД_ДИАГНОСТИКИ - Включение tcp-to-serial мостов...
2022-09-26 09:46:30 - INFO - СТЕНД_ДИАГНОСТИКИ - Cервис tcp-to-serial-bridge-router1 запущен
2022-09-26 09:46:30 - INFO - СТЕНД_ДИАГНОСТИКИ - Сервис tftp включен
2022-09-26 09:46:30 - INFO - СТЕНД_ДИАГНОСТИКИ - Сервис vsftp включен
2022-09-26 09:48:58 - INFO - СТЕНД_ДИАГНОСТИКИ - Получении ip хоста...
2022-09-26 09:48:58 - INFO - СТЕНД_ДИАГНОСТИКИ - Ip хоста успешно получен...
2022-09-26 09:48:58 - INFO - СТЕНД_ДИАГНОСТИКИ - Проверка подключения к БД...
2022-09-26 09:48:58 - INFO - СТЕНД_ДИАГНОСТИКИ - Подключение к БД успешно!
2022-09-26 09:48:58 - INFO - СТЕНД_ДИАГНОСТИКИ - Включение tcp-to-serial мостов...
2022-09-26 09:49:00 - INFO - СТЕНД_ДИАГНОСТИКИ - Cервис tcp-to-serial-bridge-router1 запущен
2022-09-26 09:49:00 - INFO - СТЕНД_ДИАГНОСТИКИ - Сервис tftp включен
2022-09-26 09:49:00 - INFO - СТЕНД_ДИАГНОСТИКИ - Сервис vsftp включен
2022-09-26 09:51:08 - INFO - СТЕНД_ДИАГНОСТИКИ - Получении ip хоста...
2022-09-26 09:51:08 - INFO - СТЕНД_ДИАГНОСТИКИ - Ip хоста успешно получен...
2022-09-26 09:51:08 - INFO - СТЕНД_ДИАГНОСТИКИ - Проверка подключения к БД...
2022-09-26 09:51:08 - INFO - СТЕНД_ДИАГНОСТИКИ - Подключение к БД успешно!
2022-09-26 09:51:08 - INFO - СТЕНД_ДИАГНОСТИКИ - Включение tcp-to-serial мостов...
2022-09-26 09:51:10 - INFO - СТЕНД_ДИАГНОСТИКИ - Cервис tcp-to-serial-bridge-router1 запущен
2022-09-26 09:51:10 - INFO - СТЕНД_ДИАГНОСТИКИ - Сервис tftp включен
2022-09-26 09:51:10 - INFO - СТЕНД_ДИАГНОСТИКИ - Сервис vsftp включен
2022-09-26 09:55:13 - INFO - СТЕНД_ДИАГНОСТИКИ - Получении ip хоста...
2022-09-26 09:55:13 - INFO - СТЕНД_ДИАГНОСТИКИ - Получении ip хоста...
2022-09-26 09:55:13 - INFO - СТЕНД_ДИАГНОСТИКИ - Ip хоста успешно получен...
2022-09-26 09:55:13 - INFO - СТЕНД_ДИАГНОСТИКИ - Ip хоста успешно получен...
2022-09-26 09:55:13 - INFO - СТЕНД_ДИАГНОСТИКИ - Проверка подключения к БД...
2022-09-26 09:55:13 - INFO - СТЕНД_ДИАГНОСТИКИ - Проверка подключения к БД...
2022-09-26 09:55:13 - INFO - СТЕНД_ДИАГНОСТИКИ - Подключение к БД успешно!
2022-09-26 09:55:13 - INFO - СТЕНД_ДИАГНОСТИКИ - Подключение к БД успешно!
2022-09-26 09:55:13 - INFO - СТЕНД_ДИАГНОСТИКИ - Включение tcp-to-serial мостов...
2022-09-26 09:55:13 - INFO - СТЕНД_ДИАГНОСТИКИ - Включение tcp-to-serial мостов...
2022-09-26 09:55:15 - INFO - СТЕНД_ДИАГНОСТИКИ - Cервис tcp-to-serial-bridge-router1 запущен
2022-09-26 09:55:15 - INFO - СТЕНД_ДИАГНОСТИКИ - Cервис tcp-to-serial-bridge-router1 запущен
2022-09-26 09:55:15 - INFO - СТЕНД_ДИАГНОСТИКИ - Сервис tftp включен
2022-09-26 09:55:15 - INFO - СТЕНД_ДИАГНОСТИКИ - Сервис tftp включен
2022-09-26 09:55:15 - INFO - СТЕНД_ДИАГНОСТИКИ - Сервис vsftp включен
2022-09-26 09:55:15 - INFO - СТЕНД_ДИАГНОСТИКИ - Сервис vsftp включен
2022-09-26 09:56:20 - INFO - СТЕНД_ДИАГНОСТИКИ - Получении ip хоста...
2022-09-26 09:56:20 - INFO - СТЕНД_ДИАГНОСТИКИ - Ip хоста успешно получен...
2022-09-26 09:56:20 - INFO - СТЕНД_ДИАГНОСТИКИ - Проверка подключения к БД...
2022-09-26 09:56:20 - INFO - СТЕНД_ДИАГНОСТИКИ - Подключение к БД успешно!
2022-09-26 09:56:20 - INFO - СТЕНД_ДИАГНОСТИКИ - Включение tcp-to-serial мостов...
2022-09-26 09:56:22 - INFO - СТЕНД_ДИАГНОСТИКИ - Cервис tcp-to-serial-bridge-router1 запущен
2022-09-26 09:56:22 - INFO - СТЕНД_ДИАГНОСТИКИ - Сервис tftp включен
2022-09-26 09:56:22 - INFO - СТЕНД_ДИАГНОСТИКИ - Сервис vsftp включен
2022-09-26 09:57:35 - INFO - СТЕНД_ДИАГНОСТИКИ - Получении ip хоста...
2022-09-26 09:57:35 - INFO - СТЕНД_ДИАГНОСТИКИ - Ip хоста успешно получен...
2022-09-26 09:57:35 - INFO - СТЕНД_ДИАГНОСТИКИ - Проверка подключения к БД...
2022-09-26 09:57:36 - INFO - СТЕНД_ДИАГНОСТИКИ - Подключение к БД успешно!
2022-09-26 09:57:36 - INFO - СТЕНД_ДИАГНОСТИКИ - Включение tcp-to-serial мостов...
2022-09-26 09:57:38 - INFO - СТЕНД_ДИАГНОСТИКИ - Cервис tcp-to-serial-bridge-router1 запущен
2022-09-26 09:57:38 - INFO - СТЕНД_ДИАГНОСТИКИ - Сервис tftp включен
2022-09-26 09:57:38 - INFO - СТЕНД_ДИАГНОСТИКИ - Сервис vsftp включен
2022-09-26 10:00:07 - INFO - СТЕНД_ДИАГНОСТИКИ - Получении ip хоста...
2022-09-26 10:00:07 - INFO - СТЕНД_ДИАГНОСТИКИ - Ip хоста успешно получен...
2022-09-26 10:00:07 - INFO - СТЕНД_ДИАГНОСТИКИ - Проверка подключения к БД...
2022-09-26 10:00:07 - INFO - СТЕНД_ДИАГНОСТИКИ - Подключение к БД успешно!
2022-09-26 10:00:07 - INFO - СТЕНД_ДИАГНОСТИКИ - Включение tcp-to-serial мостов...
2022-09-26 10:00:09 - INFO - СТЕНД_ДИАГНОСТИКИ - Cервис tcp-to-serial-bridge-router1 запущен
2022-09-26 10:00:09 - INFO - СТЕНД_ДИАГНОСТИКИ - Сервис tftp включен
2022-09-26 10:00:09 - INFO - СТЕНД_ДИАГНОСТИКИ - Сервис vsftp включен
2022-09-26 10:04:47 - INFO - СТЕНД_ДИАГНОСТИКИ - Получении ip хоста...
2022-09-26 10:04:47 - INFO - СТЕНД_ДИАГНОСТИКИ - Получении ip хоста...
2022-09-26 10:04:47 - INFO - СТЕНД_ДИАГНОСТИКИ - Ip хоста успешно получен...
2022-09-26 10:04:47 - INFO - СТЕНД_ДИАГНОСТИКИ - Ip хоста успешно получен...
2022-09-26 10:04:47 - INFO - СТЕНД_ДИАГНОСТИКИ - Проверка подключения к БД...
2022-09-26 10:04:47 - INFO - СТЕНД_ДИАГНОСТИКИ - Проверка подключения к БД...
2022-09-26 10:04:47 - INFO - СТЕНД_ДИАГНОСТИКИ - Подключение к БД успешно!
2022-09-26 10:04:47 - INFO - СТЕНД_ДИАГНОСТИКИ - Подключение к БД успешно!
2022-09-26 10:04:47 - INFO - СТЕНД_ДИАГНОСТИКИ - Включение tcp-to-serial мостов...
2022-09-26 10:04:47 - INFO - СТЕНД_ДИАГНОСТИКИ - Включение tcp-to-serial мостов...
2022-09-26 10:04:49 - INFO - СТЕНД_ДИАГНОСТИКИ - Cервис tcp-to-serial-bridge-router1 запущен
2022-09-26 10:04:49 - INFO - СТЕНД_ДИАГНОСТИКИ - Cервис tcp-to-serial-bridge-router1 запущен
2022-09-26 10:04:49 - INFO - СТЕНД_ДИАГНОСТИКИ - Сервис tftp включен
2022-09-26 10:04:49 - INFO - СТЕНД_ДИАГНОСТИКИ - Сервис tftp включен
2022-09-26 10:04:49 - INFO - СТЕНД_ДИАГНОСТИКИ - Сервис vsftp включен
2022-09-26 10:04:49 - INFO - СТЕНД_ДИАГНОСТИКИ - Сервис vsftp включен
2022-09-26 10:06:12 - INFO - СТЕНД_ДИАГНОСТИКИ - Получении ip хоста...
2022-09-26 10:06:12 - INFO - СТЕНД_ДИАГНОСТИКИ - Получении ip хоста...
2022-09-26 10:06:12 - INFO - СТЕНД_ДИАГНОСТИКИ - Получении ip хоста...
2022-09-26 10:06:12 - INFO - СТЕНД_ДИАГНОСТИКИ - Ip хоста успешно получен...
2022-09-26 10:06:12 - INFO - СТЕНД_ДИАГНОСТИКИ - Ip хоста успешно получен...
2022-09-26 10:06:12 - INFO - СТЕНД_ДИАГНОСТИКИ - Ip хоста успешно получен...
2022-09-26 10:06:12 - INFO - СТЕНД_ДИАГНОСТИКИ - Проверка подключения к БД...
2022-09-26 10:06:12 - INFO - СТЕНД_ДИАГНОСТИКИ - Проверка подключения к БД...
2022-09-26 10:06:12 - INFO - СТЕНД_ДИАГНОСТИКИ - Проверка подключения к БД...
2022-09-26 10:06:12 - INFO - СТЕНД_ДИАГНОСТИКИ - Подключение к БД успешно!
2022-09-26 10:06:12 - INFO - СТЕНД_ДИАГНОСТИКИ - Подключение к БД успешно!
2022-09-26 10:06:12 - INFO - СТЕНД_ДИАГНОСТИКИ - Подключение к БД успешно!
2022-09-26 10:06:12 - INFO - СТЕНД_ДИАГНОСТИКИ - Включение tcp-to-serial мостов...
2022-09-26 10:06:12 - INFO - СТЕНД_ДИАГНОСТИКИ - Включение tcp-to-serial мостов...
2022-09-26 10:06:12 - INFO - СТЕНД_ДИАГНОСТИКИ - Включение tcp-to-serial мостов...
2022-09-26 10:06:15 - INFO - СТЕНД_ДИАГНОСТИКИ - Cервис tcp-to-serial-bridge-router1 запущен
2022-09-26 10:06:15 - INFO - СТЕНД_ДИАГНОСТИКИ - Cервис tcp-to-serial-bridge-router1 запущен
2022-09-26 10:06:15 - INFO - СТЕНД_ДИАГНОСТИКИ - Cервис tcp-to-serial-bridge-router1 запущен
2022-09-26 10:06:15 - INFO - СТЕНД_ДИАГНОСТИКИ - Сервис tftp включен
2022-09-26 10:06:15 - INFO - СТЕНД_ДИАГНОСТИКИ - Сервис tftp включен
2022-09-26 10:06:15 - INFO - СТЕНД_ДИАГНОСТИКИ - Сервис tftp включен
2022-09-26 10:06:15 - INFO - СТЕНД_ДИАГНОСТИКИ - Сервис vsftp включен
2022-09-26 10:06:15 - INFO - СТЕНД_ДИАГНОСТИКИ - Сервис vsftp включен
2022-09-26 10:06:15 - INFO - СТЕНД_ДИАГНОСТИКИ - Сервис vsftp включен
2022-09-26 10:07:41 - INFO - СТЕНД_ДИАГНОСТИКИ - Получении ip хоста...
2022-09-26 10:07:41 - INFO - СТЕНД_ДИАГНОСТИКИ - Получении ip хоста...
2022-09-26 10:07:41 - INFO - СТЕНД_ДИАГНОСТИКИ - Получении ip хоста...
2022-09-26 10:07:41 - INFO - СТЕНД_ДИАГНОСТИКИ - Получении ip хоста...
2022-09-26 10:07:41 - INFO - СТЕНД_ДИАГНОСТИКИ - Ip хоста успешно получен...
2022-09-26 10:07:41 - INFO - СТЕНД_ДИАГНОСТИКИ - Ip хоста успешно получен...
2022-09-26 10:07:41 - INFO - СТЕНД_ДИАГНОСТИКИ - Ip хоста успешно получен...
2022-09-26 10:07:41 - INFO - СТЕНД_ДИАГНОСТИКИ - Ip хоста успешно получен...
2022-09-26 10:07:41 - INFO - СТЕНД_ДИАГНОСТИКИ - Проверка подключения к БД...
2022-09-26 10:07:41 - INFO - СТЕНД_ДИАГНОСТИКИ - Проверка подключения к БД...
2022-09-26 10:07:41 - INFO - СТЕНД_ДИАГНОСТИКИ - Проверка подключения к БД...
2022-09-26 10:07:41 - INFO - СТЕНД_ДИАГНОСТИКИ - Проверка подключения к БД...
2022-09-26 10:07:41 - INFO - СТЕНД_ДИАГНОСТИКИ - Подключение к БД успешно!
2022-09-26 10:07:41 - INFO - СТЕНД_ДИАГНОСТИКИ - Подключение к БД успешно!
2022-09-26 10:07:41 - INFO - СТЕНД_ДИАГНОСТИКИ - Подключение к БД успешно!
2022-09-26 10:07:41 - INFO - СТЕНД_ДИАГНОСТИКИ - Подключение к БД успешно!
2022-09-26 10:07:41 - INFO - СТЕНД_ДИАГНОСТИКИ - Включение tcp-to-serial мостов...
2022-09-26 10:07:41 - INFO - СТЕНД_ДИАГНОСТИКИ - Включение tcp-to-serial мостов...
2022-09-26 10:07:41 - INFO - СТЕНД_ДИАГНОСТИКИ - Включение tcp-to-serial мостов...
2022-09-26 10:07:41 - INFO - СТЕНД_ДИАГНОСТИКИ - Включение tcp-to-serial мостов...
2022-09-26 10:07:43 - INFO - СТЕНД_ДИАГНОСТИКИ - Cервис tcp-to-serial-bridge-router1 запущен
2022-09-26 10:07:43 - INFO - СТЕНД_ДИАГНОСТИКИ - Cервис tcp-to-serial-bridge-router1 запущен
2022-09-26 10:07:43 - INFO - СТЕНД_ДИАГНОСТИКИ - Cервис tcp-to-serial-bridge-router1 запущен
2022-09-26 10:07:43 - INFO - СТЕНД_ДИАГНОСТИКИ - Cервис tcp-to-serial-bridge-router1 запущен
2022-09-26 10:07:43 - INFO - СТЕНД_ДИАГНОСТИКИ - Сервис tftp включен
2022-09-26 10:07:43 - INFO - СТЕНД_ДИАГНОСТИКИ - Сервис tftp включен
2022-09-26 10:07:43 - INFO - СТЕНД_ДИАГНОСТИКИ - Сервис tftp включен
2022-09-26 10:07:43 - INFO - СТЕНД_ДИАГНОСТИКИ - Сервис tftp включен
2022-09-26 10:07:43 - INFO - СТЕНД_ДИАГНОСТИКИ - Сервис vsftp включен
2022-09-26 10:07:43 - INFO - СТЕНД_ДИАГНОСТИКИ - Сервис vsftp включен
2022-09-26 10:07:43 - INFO - СТЕНД_ДИАГНОСТИКИ - Сервис vsftp включен
2022-09-26 10:07:43 - INFO - СТЕНД_ДИАГНОСТИКИ - Сервис vsftp включен
2022-09-26 10:12:51 - INFO - СТЕНД_ДИАГНОСТИКИ - Получении ip хоста...
2022-09-26 10:12:51 - INFO - СТЕНД_ДИАГНОСТИКИ - Ip хоста успешно получен...
2022-09-26 10:12:51 - INFO - СТЕНД_ДИАГНОСТИКИ - Проверка подключения к БД...
2022-09-26 10:12:51 - INFO - СТЕНД_ДИАГНОСТИКИ - Подключение к БД успешно!
2022-09-26 10:12:51 - INFO - СТЕНД_ДИАГНОСТИКИ - Включение tcp-to-serial мостов...
2022-09-26 10:12:53 - INFO - СТЕНД_ДИАГНОСТИКИ - Cервис tcp-to-serial-bridge-router1 запущен
2022-09-26 10:12:53 - INFO - СТЕНД_ДИАГНОСТИКИ - Сервис tftp включен
2022-09-26 10:12:53 - INFO - СТЕНД_ДИАГНОСТИКИ - Сервис vsftp включен
2022-09-26 10:14:03 - INFO - СТЕНД_ДИАГНОСТИКИ - Получении ip хоста...
2022-09-26 10:14:03 - INFO - СТЕНД_ДИАГНОСТИКИ - Ip хоста успешно получен...
2022-09-26 10:14:04 - INFO - СТЕНД_ДИАГНОСТИКИ - Проверка подключения к БД...
2022-09-26 10:14:04 - INFO - СТЕНД_ДИАГНОСТИКИ - Подключение к БД успешно!
2022-09-26 10:14:04 - INFO - СТЕНД_ДИАГНОСТИКИ - Включение tcp-to-serial мостов...
2022-09-26 10:14:06 - INFO - СТЕНД_ДИАГНОСТИКИ - Cервис tcp-to-serial-bridge-router1 запущен
2022-09-26 10:14:06 - INFO - СТЕНД_ДИАГНОСТИКИ - Сервис tftp включен
2022-09-26 10:14:06 - INFO - СТЕНД_ДИАГНОСТИКИ - Сервис vsftp включен
2022-09-26 10:16:50 - INFO - СТЕНД_ДИАГНОСТИКИ - Получении ip хоста...
2022-09-26 10:16:50 - INFO - СТЕНД_ДИАГНОСТИКИ - Ip хоста успешно получен...
2022-09-26 10:16:51 - INFO - СТЕНД_ДИАГНОСТИКИ - Проверка подключения к БД...
2022-09-26 10:16:51 - INFO - СТЕНД_ДИАГНОСТИКИ - Подключение к БД успешно!
2022-09-26 10:16:51 - INFO - СТЕНД_ДИАГНОСТИКИ - Включение tcp-to-serial мостов...
2022-09-26 10:16:53 - INFO - СТЕНД_ДИАГНОСТИКИ - Cервис tcp-to-serial-bridge-router1 запущен
2022-09-26 10:16:53 - INFO - СТЕНД_ДИАГНОСТИКИ - Сервис tftp включен
2022-09-26 10:16:53 - INFO - СТЕНД_ДИАГНОСТИКИ - Сервис vsftp включен
2022-09-26 10:35:55 - INFO - СТЕНД_ДИАГНОСТИКИ - Получении ip хоста...
2022-09-26 10:35:55 - INFO - СТЕНД_ДИАГНОСТИКИ - Ip хоста успешно получен...
2022-09-26 10:35:55 - INFO - СТЕНД_ДИАГНОСТИКИ - Проверка подключения к БД...
2022-09-26 10:35:55 - INFO - СТЕНД_ДИАГНОСТИКИ - Подключение к БД успешно!
2022-09-26 10:35:55 - INFO - СТЕНД_ДИАГНОСТИКИ - Включение tcp-to-serial мостов...
2022-09-26 10:35:57 - INFO - СТЕНД_ДИАГНОСТИКИ - Cервис tcp-to-serial-bridge-router1 запущен
2022-09-26 10:35:57 - INFO - СТЕНД_ДИАГНОСТИКИ - Сервис tftp включен
2022-09-26 10:35:57 - INFO - СТЕНД_ДИАГНОСТИКИ - Сервис vsftp включен
2022-09-26 10:39:24 - INFO - СТЕНД_ДИАГНОСТИКИ - Получении ip хоста...
2022-09-26 10:39:24 - INFO - СТЕНД_ДИАГНОСТИКИ - Ip хоста успешно получен...
2022-09-26 10:39:24 - INFO - СТЕНД_ДИАГНОСТИКИ - Проверка подключения к БД...
2022-09-26 10:39:24 - INFO - СТЕНД_ДИАГНОСТИКИ - Подключение к БД успешно!
2022-09-26 10:39:24 - INFO - СТЕНД_ДИАГНОСТИКИ - Включение tcp-to-serial мостов...
2022-09-26 10:39:27 - INFO - СТЕНД_ДИАГНОСТИКИ - Cервис tcp-to-serial-bridge-router1 запущен
2022-09-26 10:39:27 - INFO - СТЕНД_ДИАГНОСТИКИ - Сервис tftp включен
2022-09-26 10:39:27 - INFO - СТЕНД_ДИАГНОСТИКИ - Сервис vsftp включен
2022-09-26 10:40:25 - INFO - СТЕНД_ДИАГНОСТИКИ - Получении ip хоста...
2022-09-26 10:40:25 - INFO - СТЕНД_ДИАГНОСТИКИ - Ip хоста успешно получен...
2022-09-26 10:40:25 - INFO - СТЕНД_ДИАГНОСТИКИ - Проверка подключения к БД...
2022-09-26 10:40:25 - INFO - СТЕНД_ДИАГНОСТИКИ - Подключение к БД успешно!
2022-09-26 10:40:25 - INFO - СТЕНД_ДИАГНОСТИКИ - Включение tcp-to-serial мостов...
2022-09-26 10:40:27 - INFO - СТЕНД_ДИАГНОСТИКИ - Cервис tcp-to-serial-bridge-router1 запущен
2022-09-26 10:40:27 - INFO - СТЕНД_ДИАГНОСТИКИ - Сервис tftp включен
2022-09-26 10:40:28 - INFO - СТЕНД_ДИАГНОСТИКИ - Сервис vsftp включен
2022-09-26 10:43:24 - INFO - СТЕНД_ДИАГНОСТИКИ - Получении ip хоста...
2022-09-26 10:43:24 - INFO - СТЕНД_ДИАГНОСТИКИ - Ip хоста успешно получен...
2022-09-26 10:43:25 - INFO - СТЕНД_ДИАГНОСТИКИ - Проверка подключения к БД...
2022-09-26 10:43:25 - INFO - СТЕНД_ДИАГНОСТИКИ - Подключение к БД успешно!
2022-09-26 10:43:25 - INFO - СТЕНД_ДИАГНОСТИКИ - Включение tcp-to-serial мостов...
2022-09-26 10:43:27 - INFO - СТЕНД_ДИАГНОСТИКИ - Cервис tcp-to-serial-bridge-router1 запущен
2022-09-26 10:43:27 - INFO - СТЕНД_ДИАГНОСТИКИ - Сервис tftp включен
2022-09-26 10:43:27 - INFO - СТЕНД_ДИАГНОСТИКИ - Сервис vsftp включен
2022-09-26 10:47:26 - INFO - СТЕНД_ДИАГНОСТИКИ - Получении ip хоста...
2022-09-26 10:47:26 - INFO - СТЕНД_ДИАГНОСТИКИ - Ip хоста успешно получен...
2022-09-26 10:47:27 - INFO - СТЕНД_ДИАГНОСТИКИ - Проверка подключения к БД...
2022-09-26 10:47:27 - INFO - СТЕНД_ДИАГНОСТИКИ - Подключение к БД успешно!
2022-09-26 10:47:27 - INFO - СТЕНД_ДИАГНОСТИКИ - Включение tcp-to-serial мостов...
2022-09-26 10:47:29 - INFO - СТЕНД_ДИАГНОСТИКИ - Cервис tcp-to-serial-bridge-router1 запущен
2022-09-26 10:47:29 - INFO - СТЕНД_ДИАГНОСТИКИ - Сервис tftp включен
2022-09-26 10:47:29 - INFO - СТЕНД_ДИАГНОСТИКИ - Сервис vsftp включен
2022-09-26 10:54:57 - INFO - СТЕНД_ДИАГНОСТИКИ - Получении ip хоста...
2022-09-26 10:54:57 - INFO - СТЕНД_ДИАГНОСТИКИ - Ip хоста успешно получен...
2022-09-26 10:54:58 - INFO - СТЕНД_ДИАГНОСТИКИ - Проверка подключения к БД...
2022-09-26 10:54:58 - INFO - СТЕНД_ДИАГНОСТИКИ - Подключение к БД успешно!
2022-09-26 10:54:58 - INFO - СТЕНД_ДИАГНОСТИКИ - Включение tcp-to-serial мостов...
2022-09-26 10:55:00 - INFO - СТЕНД_ДИАГНОСТИКИ - Cервис tcp-to-serial-bridge-router1 запущен
2022-09-26 10:55:00 - INFO - СТЕНД_ДИАГНОСТИКИ - Сервис tftp включен
2022-09-26 10:55:00 - INFO - СТЕНД_ДИАГНОСТИКИ - Сервис vsftp включен
2022-09-26 10:56:14 - INFO - СТЕНД_ДИАГНОСТИКИ - Получении ip хоста...
2022-09-26 10:56:14 - INFO - СТЕНД_ДИАГНОСТИКИ - Ip хоста успешно получен...
2022-09-26 10:56:14 - INFO - СТЕНД_ДИАГНОСТИКИ - Проверка подключения к БД...
2022-09-26 10:56:14 - INFO - СТЕНД_ДИАГНОСТИКИ - Подключение к БД успешно!
2022-09-26 10:56:14 - INFO - СТЕНД_ДИАГНОСТИКИ - Включение tcp-to-serial мостов...
2022-09-26 10:56:16 - INFO - СТЕНД_ДИАГНОСТИКИ - Cервис tcp-to-serial-bridge-router1 запущен
2022-09-26 10:56:16 - INFO - СТЕНД_ДИАГНОСТИКИ - Сервис tftp включен
2022-09-26 10:56:16 - INFO - СТЕНД_ДИАГНОСТИКИ - Сервис vsftp включен
2022-09-26 10:57:09 - INFO - СТЕНД_ДИАГНОСТИКИ - Получении ip хоста...
2022-09-26 10:57:09 - INFO - СТЕНД_ДИАГНОСТИКИ - Получении ip хоста...
2022-09-26 10:57:09 - INFO - СТЕНД_ДИАГНОСТИКИ - Ip хоста успешно получен...
2022-09-26 10:57:09 - INFO - СТЕНД_ДИАГНОСТИКИ - Ip хоста успешно получен...
2022-09-26 10:57:09 - INFO - СТЕНД_ДИАГНОСТИКИ - Проверка подключения к БД...
2022-09-26 10:57:09 - INFO - СТЕНД_ДИАГНОСТИКИ - Проверка подключения к БД...
2022-09-26 10:57:09 - INFO - СТЕНД_ДИАГНОСТИКИ - Подключение к БД успешно!
2022-09-26 10:57:09 - INFO - СТЕНД_ДИАГНОСТИКИ - Подключение к БД успешно!
2022-09-26 10:57:09 - INFO - СТЕНД_ДИАГНОСТИКИ - Включение tcp-to-serial мостов...
2022-09-26 10:57:09 - INFO - СТЕНД_ДИАГНОСТИКИ - Включение tcp-to-serial мостов...
2022-09-26 10:57:11 - INFO - СТЕНД_ДИАГНОСТИКИ - Cервис tcp-to-serial-bridge-router1 запущен
2022-09-26 10:57:11 - INFO - СТЕНД_ДИАГНОСТИКИ - Сервис tftp включен
2022-09-26 10:57:11 - INFO - СТЕНД_ДИАГНОСТИКИ - Сервис vsftp включен
2022-09-26 10:57:38 - INFO - СТЕНД_ДИАГНОСТИКИ - Получении ip хоста...
2022-09-26 10:57:38 - INFO - СТЕНД_ДИАГНОСТИКИ - Ip хоста успешно получен...
2022-09-26 10:57:38 - INFO - СТЕНД_ДИАГНОСТИКИ - Проверка подключения к БД...
2022-09-26 10:57:38 - INFO - СТЕНД_ДИАГНОСТИКИ - Подключение к БД успешно!
2022-09-26 10:57:38 - INFO - СТЕНД_ДИАГНОСТИКИ - Включение tcp-to-serial мостов...
2022-09-26 10:57:40 - INFO - СТЕНД_ДИАГНОСТИКИ - Cервис tcp-to-serial-bridge-router1 запущен
2022-09-26 10:57:40 - INFO - СТЕНД_ДИАГНОСТИКИ - Сервис tftp включен
2022-09-26 10:57:40 - INFO - СТЕНД_ДИАГНОСТИКИ - Сервис vsftp включен
2022-09-26 11:01:23 - INFO - СТЕНД_ДИАГНОСТИКИ - Получении ip хоста...
2022-09-26 11:01:23 - INFO - СТЕНД_ДИАГНОСТИКИ - Ip хоста успешно получен...
2022-09-26 11:01:24 - INFO - СТЕНД_ДИАГНОСТИКИ - Проверка подключения к БД...
2022-09-26 11:01:24 - INFO - СТЕНД_ДИАГНОСТИКИ - Подключение к БД успешно!
2022-09-26 11:01:24 - INFO - СТЕНД_ДИАГНОСТИКИ - Включение tcp-to-serial мостов...
2022-09-26 11:01:26 - INFO - СТЕНД_ДИАГНОСТИКИ - Cервис tcp-to-serial-bridge-router1 запущен
2022-09-26 11:01:26 - INFO - СТЕНД_ДИАГНОСТИКИ - Сервис tftp включен
2022-09-26 11:01:26 - INFO - СТЕНД_ДИАГНОСТИКИ - Сервис vsftp включен
2022-09-26 11:05:12 - INFO - СТЕНД_ДИАГНОСТИКИ - Получении ip хоста...
2022-09-26 11:05:12 - INFO - СТЕНД_ДИАГНОСТИКИ - Ip хоста успешно получен...
2022-09-26 11:05:12 - INFO - СТЕНД_ДИАГНОСТИКИ - Проверка подключения к БД...
2022-09-26 11:05:12 - INFO - СТЕНД_ДИАГНОСТИКИ - Подключение к БД успешно!
2022-09-26 11:05:12 - INFO - СТЕНД_ДИАГНОСТИКИ - Включение tcp-to-serial мостов...
2022-09-26 11:05:14 - INFO - СТЕНД_ДИАГНОСТИКИ - Cервис tcp-to-serial-bridge-router1 запущен
2022-09-26 11:05:14 - INFO - СТЕНД_ДИАГНОСТИКИ - Сервис tftp включен
2022-09-26 11:05:14 - INFO - СТЕНД_ДИАГНОСТИКИ - Сервис vsftp включен
2022-09-26 11:06:58 - INFO - СТЕНД_ДИАГНОСТИКИ - Получении ip хоста...
2022-09-26 11:06:58 - INFO - СТЕНД_ДИАГНОСТИКИ - Ip хоста успешно получен...
2022-09-26 11:06:59 - INFO - СТЕНД_ДИАГНОСТИКИ - Проверка подключения к БД...
2022-09-26 11:06:59 - INFO - СТЕНД_ДИАГНОСТИКИ - Подключение к БД успешно!
2022-09-26 11:06:59 - INFO - СТЕНД_ДИАГНОСТИКИ - Включение tcp-to-serial мостов...
2022-09-26 11:07:01 - INFO - СТЕНД_ДИАГНОСТИКИ - Cервис tcp-to-serial-bridge-router1 запущен
2022-09-26 11:07:01 - INFO - СТЕНД_ДИАГНОСТИКИ - Сервис tftp включен
2022-09-26 11:07:01 - INFO - СТЕНД_ДИАГНОСТИКИ - Сервис vsftp включен
2022-09-26 11:35:03 - INFO - СТЕНД_ДИАГНОСТИКИ - Получении ip хоста...
2022-09-26 11:35:03 - INFO - СТЕНД_ДИАГНОСТИКИ - Ip хоста успешно получен...
2022-09-26 11:35:03 - INFO - СТЕНД_ДИАГНОСТИКИ - Проверка подключения к БД...
2022-09-26 11:35:03 - INFO - СТЕНД_ДИАГНОСТИКИ - Подключение к БД успешно!
2022-09-26 11:35:03 - INFO - СТЕНД_ДИАГНОСТИКИ - Включение tcp-to-serial мостов...
2022-09-26 11:35:05 - INFO - СТЕНД_ДИАГНОСТИКИ - Cервис tcp-to-serial-bridge-router1 запущен
2022-09-26 11:35:05 - INFO - СТЕНД_ДИАГНОСТИКИ - Сервис tftp включен
2022-09-26 11:35:05 - INFO - СТЕНД_ДИАГНОСТИКИ - Сервис vsftp включен
2022-09-26 11:35:34 - INFO - СТЕНД_ДИАГНОСТИКИ - Получении ip хоста...
2022-09-26 11:35:34 - INFO - СТЕНД_ДИАГНОСТИКИ - Ip хоста успешно получен...
2022-09-26 11:35:34 - INFO - СТЕНД_ДИАГНОСТИКИ - Проверка подключения к БД...
2022-09-26 11:35:34 - INFO - СТЕНД_ДИАГНОСТИКИ - Подключение к БД успешно!
2022-09-26 11:35:34 - INFO - СТЕНД_ДИАГНОСТИКИ - Включение tcp-to-serial мостов...
2022-09-26 11:35:37 - INFO - СТЕНД_ДИАГНОСТИКИ - Cервис tcp-to-serial-bridge-router1 запущен
2022-09-26 11:35:37 - INFO - СТЕНД_ДИАГНОСТИКИ - Сервис tftp включен
2022-09-26 11:35:37 - INFO - СТЕНД_ДИАГНОСТИКИ - Сервис vsftp включен
2022-09-26 11:52:42 - INFO - СТЕНД_ДИАГНОСТИКИ - Получении ip хоста...
2022-09-26 11:52:42 - INFO - СТЕНД_ДИАГНОСТИКИ - Ip хоста успешно получен...
2022-09-26 11:52:42 - INFO - СТЕНД_ДИАГНОСТИКИ - Проверка подключения к БД...
2022-09-26 11:52:42 - INFO - СТЕНД_ДИАГНОСТИКИ - Подключение к БД успешно!
2022-09-26 11:52:42 - INFO - СТЕНД_ДИАГНОСТИКИ - Включение tcp-to-serial мостов...
2022-09-26 11:52:44 - INFO - СТЕНД_ДИАГНОСТИКИ - Cервис tcp-to-serial-bridge-router1 запущен
2022-09-26 11:52:44 - INFO - СТЕНД_ДИАГНОСТИКИ - Сервис tftp включен
2022-09-26 11:52:44 - INFO - СТЕНД_ДИАГНОСТИКИ - Сервис vsftp включен
2022-09-26 11:53:12 - INFO - СТЕНД_ДИАГНОСТИКИ - Получении ip хоста...
2022-09-26 11:53:12 - INFO - СТЕНД_ДИАГНОСТИКИ - Ip хоста успешно получен...
2022-09-26 11:53:13 - INFO - СТЕНД_ДИАГНОСТИКИ - Проверка подключения к БД...
2022-09-26 11:53:13 - INFO - СТЕНД_ДИАГНОСТИКИ - Подключение к БД успешно!
2022-09-26 11:53:13 - INFO - СТЕНД_ДИАГНОСТИКИ - Включение tcp-to-serial мостов...
2022-09-26 11:53:15 - INFO - СТЕНД_ДИАГНОСТИКИ - Cервис tcp-to-serial-bridge-router1 запущен
2022-09-26 11:53:15 - INFO - СТЕНД_ДИАГНОСТИКИ - Сервис tftp включен
2022-09-26 11:53:15 - INFO - СТЕНД_ДИАГНОСТИКИ - Сервис vsftp включен
2022-09-26 13:22:48 - INFO - СТЕНД_ДИАГНОСТИКИ - Получении ip хоста...
2022-09-26 13:22:48 - INFO - СТЕНД_ДИАГНОСТИКИ - Ip хоста успешно получен...
2022-09-26 13:22:48 - INFO - СТЕНД_ДИАГНОСТИКИ - Проверка подключения к БД...
2022-09-26 13:22:48 - INFO - СТЕНД_ДИАГНОСТИКИ - Подключение к БД успешно!
2022-09-26 13:22:48 - INFO - СТЕНД_ДИАГНОСТИКИ - Включение tcp-to-serial мостов...
2022-09-26 13:22:50 - INFO - СТЕНД_ДИАГНОСТИКИ - Cервис tcp-to-serial-bridge-router1 запущен
2022-09-26 13:22:50 - INFO - СТЕНД_ДИАГНОСТИКИ - Сервис tftp включен
2022-09-26 13:22:50 - INFO - СТЕНД_ДИАГНОСТИКИ - Сервис vsftp включен
2022-09-27 15:21:34 - INFO - СТЕНД_ПСИ - Получении ip хоста...
2022-09-27 15:21:34 - INFO - СТЕНД_ПСИ - Ip хоста успешно получен...
2022-09-27 15:21:34 - INFO - СТЕНД_ПСИ - Проверка подключения к БД...
2022-09-27 15:21:34 - INFO - СТЕНД_ПСИ - Подключение к БД успешно!
2022-09-27 15:21:34 - INFO - СТЕНД_ПСИ - Включение tcp-to-serial мостов...
2022-09-27 15:21:37 - INFO - СТЕНД_ПСИ - Cервис tcp-to-serial-bridge-router1 запущен
2022-09-27 15:21:37 - INFO - СТЕНД_ПСИ - Сервис tftp включен
2022-09-27 15:21:37 - INFO - СТЕНД_ПСИ - Сервис vsftp включен
2022-09-27 15:23:55 - INFO - СТЕНД_ПСИ - Получении ip хоста...
2022-09-27 15:23:55 - INFO - СТЕНД_ПСИ - Ip хоста успешно получен...
2022-09-27 15:23:55 - INFO - СТЕНД_ПСИ - Проверка подключения к БД...
2022-09-27 15:23:55 - INFO - СТЕНД_ПСИ - Подключение к БД успешно!
2022-09-27 15:23:55 - INFO - СТЕНД_ПСИ - Включение tcp-to-serial мостов...
2022-09-27 15:23:57 - INFO - СТЕНД_ПСИ - Cервис tcp-to-serial-bridge-router1 запущен
2022-09-27 15:23:57 - INFO - СТЕНД_ПСИ - Сервис tftp включен
2022-09-27 15:23:57 - INFO - СТЕНД_ПСИ - Сервис vsftp включен
2022-09-27 15:27:52 - INFO - СТЕНД_ПСИ - Получении ip хоста...
2022-09-27 15:27:52 - INFO - СТЕНД_ПСИ - Ip хоста успешно получен...
2022-09-27 15:27:52 - INFO - СТЕНД_ПСИ - Проверка подключения к БД...
2022-09-27 15:27:52 - INFO - СТЕНД_ПСИ - Подключение к БД успешно!
2022-09-27 15:27:52 - INFO - СТЕНД_ПСИ - Включение tcp-to-serial мостов...
2022-09-27 15:27:54 - INFO - СТЕНД_ПСИ - Cервис tcp-to-serial-bridge-router1 запущен
2022-09-27 15:27:54 - INFO - СТЕНД_ПСИ - Сервис tftp включен
2022-09-27 15:27:54 - INFO - СТЕНД_ПСИ - Сервис vsftp включен
